<?xml version="1.0" encoding="UTF-8"?>
<!-- Generated by org.testng.reporters.JUnitReportReporter -->
<testsuite hostname="DESKTOP-2H6BHBG" failures="0" tests="4" name="com.runner.TestRunner" time="29.344" errors="0" timestamp="2023-07-03T12:45:17 IST" skipped="0">
  <testcase classname="com.runner.TestRunner" name="runScenario" time="0.800"/>
  <system-out/>
  <testcase classname="com.runner.TestRunner" name="runScenario" time="10.513"/>
  <system-out/>
  <testcase classname="com.runner.TestRunner" name="runScenario" time="2.366"/>
  <system-out/>
  <testcase classname="com.runner.TestRunner" name="runScenario" time="15.665"/>
  <system-out/>
</testsuite> <!-- com.runner.TestRunner -->
