<?xml version="1.0" encoding="UTF-8"?>
<!-- Generated by org.testng.reporters.JUnitReportReporter -->
<testsuite hostname="DESKTOP-2H6BHBG" failures="0" tests="4" name="com.runner.TestRunner" time="20.365" errors="0" timestamp="2023-06-18T23:24:52 IST" skipped="0">
  <testcase classname="com.runner.TestRunner" name="runScenario" time="6.902"/>
  <system-out/>
  <testcase classname="com.runner.TestRunner" name="runScenario" time="1.959"/>
  <system-out/>
  <testcase classname="com.runner.TestRunner" name="runScenario" time="1.422"/>
  <system-out/>
  <testcase classname="com.runner.TestRunner" name="runScenario" time="10.082"/>
  <system-out/>
</testsuite> <!-- com.runner.TestRunner -->
